-- The C compiler identification is GNU 9.4.0
-- The CXX compiler identification is GNU 9.4.0
-- Check for working C compiler: /usr/bin/cc
-- Check for working C compiler: /usr/bin/cc -- works
-- Detecting C compiler ABI info
-- Detecting C compiler ABI info - done
-- Detecting C compile features
-- Detecting C compile features - done
-- Check for working CXX compiler: /usr/bin/c++
-- Check for working CXX compiler: /usr/bin/c++ -- works
-- Detecting CXX compiler ABI info
-- Detecting CXX compiler ABI info - done
-- Detecting CXX compile features
-- Detecting CXX compile features - done
-- Found ament_cmake: 0.9.9 (/opt/ros/foxy/share/ament_cmake/cmake)
-- Found PythonInterp: /usr/bin/python3 (found suitable version "3.8.10", minimum required is "3") 
-- Using PYTHON_EXECUTABLE: /usr/bin/python3
-- Found rclcpp: 2.4.1 (/opt/ros/foxy/share/rclcpp/cmake)
-- Using all available rosidl_typesupport_c: rosidl_typesupport_fastrtps_c;rosidl_typesupport_introspection_c
-- Found rosidl_adapter: 1.2.1 (/opt/ros/foxy/share/rosidl_adapter/cmake)
-- Found OpenSSL: /usr/lib/x86_64-linux-gnu/libcrypto.so (found version "1.1.1f")  
-- Found FastRTPS: /opt/ros/foxy/include  
-- Using all available rosidl_typesupport_cpp: rosidl_typesupport_fastrtps_cpp;rosidl_typesupport_introspection_cpp
-- Found rmw_implementation_cmake: 1.0.3 (/opt/ros/foxy/share/rmw_implementation_cmake/cmake)
-- Using RMW implementation 'rmw_fastrtps_cpp' as default
-- Looking for pthread.h
-- Looking for pthread.h - found
-- Looking for pthread_create
-- Looking for pthread_create - not found
-- Looking for pthread_create in pthreads
-- Looking for pthread_create in pthreads - not found
-- Looking for pthread_create in pthread
-- Looking for pthread_create in pthread - found
-- Found Threads: TRUE  
-- Found ament_lint_auto: 0.9.6 (/opt/ros/foxy/share/ament_lint_auto/cmake)
-- Added test 'copyright' to check source files copyright and LICENSE
-- Added test 'cppcheck' to perform static code analysis on C / C++ code
-- Configured cppcheck include dirs: 
-- Configured cppcheck exclude dirs and/or files: 
-- Added test 'cpplint' to check C / C++ code against the Google style
-- Configured cpplint exclude dirs and/or files: 
-- Added test 'lint_cmake' to check CMake code style
-- Added test 'uncrustify' to check C / C++ code style
-- Configured uncrustify additional arguments: 
-- Added test 'xmllint' to check XML markup files
-- Configuring done
-- Generating done
-- Build files have been written to: /home/hiroto/ros2_ws/src/education2/build/pubsub
[35m[1mScanning dependencies of target pub1[0m
[35m[1mScanning dependencies of target sub1[0m
[ 25%] [32mBuilding CXX object CMakeFiles/sub1.dir/src/sub1.cpp.o[0m
[ 50%] [32mBuilding CXX object CMakeFiles/pub1.dir/src/pub1.cpp.o[0m
[ 75%] [32m[1mLinking CXX executable pub1[0m
[ 75%] Built target pub1
[100%] [32m[1mLinking CXX executable sub1[0m
[100%] Built target sub1
[ 50%] Built target pub1
[100%] Built target sub1
[36mInstall the project...[0m
-- Install configuration: ""
-- Installing: /home/hiroto/ros2_ws/src/education2/install/pubsub/lib/pubsub/pub1
-- Set runtime path of "/home/hiroto/ros2_ws/src/education2/install/pubsub/lib/pubsub/pub1" to ""
-- Installing: /home/hiroto/ros2_ws/src/education2/install/pubsub/lib/pubsub/sub1
-- Set runtime path of "/home/hiroto/ros2_ws/src/education2/install/pubsub/lib/pubsub/sub1" to ""
-- Installing: /home/hiroto/ros2_ws/src/education2/install/pubsub/share/ament_index/resource_index/package_run_dependencies/pubsub
-- Installing: /home/hiroto/ros2_ws/src/education2/install/pubsub/share/ament_index/resource_index/parent_prefix_path/pubsub
-- Installing: /home/hiroto/ros2_ws/src/education2/install/pubsub/share/pubsub/environment/ament_prefix_path.sh
-- Installing: /home/hiroto/ros2_ws/src/education2/install/pubsub/share/pubsub/environment/ament_prefix_path.dsv
-- Installing: /home/hiroto/ros2_ws/src/education2/install/pubsub/share/pubsub/environment/path.sh
-- Installing: /home/hiroto/ros2_ws/src/education2/install/pubsub/share/pubsub/environment/path.dsv
-- Installing: /home/hiroto/ros2_ws/src/education2/install/pubsub/share/pubsub/local_setup.bash
-- Installing: /home/hiroto/ros2_ws/src/education2/install/pubsub/share/pubsub/local_setup.sh
-- Installing: /home/hiroto/ros2_ws/src/education2/install/pubsub/share/pubsub/local_setup.zsh
-- Installing: /home/hiroto/ros2_ws/src/education2/install/pubsub/share/pubsub/local_setup.dsv
-- Installing: /home/hiroto/ros2_ws/src/education2/install/pubsub/share/pubsub/package.dsv
-- Installing: /home/hiroto/ros2_ws/src/education2/install/pubsub/share/ament_index/resource_index/packages/pubsub
-- Installing: /home/hiroto/ros2_ws/src/education2/install/pubsub/share/pubsub/cmake/pubsubConfig.cmake
-- Installing: /home/hiroto/ros2_ws/src/education2/install/pubsub/share/pubsub/cmake/pubsubConfig-version.cmake
-- Installing: /home/hiroto/ros2_ws/src/education2/install/pubsub/share/pubsub/package.xml
