running egg_info
creating ../build/py_door2/py_door2.egg-info
writing ../build/py_door2/py_door2.egg-info/PKG-INFO
writing dependency_links to ../build/py_door2/py_door2.egg-info/dependency_links.txt
writing requirements to ../build/py_door2/py_door2.egg-info/requires.txt
writing top-level names to ../build/py_door2/py_door2.egg-info/top_level.txt
writing manifest file '../build/py_door2/py_door2.egg-info/SOURCES.txt'
reading manifest file '../build/py_door2/py_door2.egg-info/SOURCES.txt'
writing manifest file '../build/py_door2/py_door2.egg-info/SOURCES.txt'
running build
running build_py
creating /home/hiroto/ros2_ws/src/education2/build/py_door2/build
creating /home/hiroto/ros2_ws/src/education2/build/py_door2/build/lib
creating /home/hiroto/ros2_ws/src/education2/build/py_door2/build/lib/py_door2
copying py_door2/__init__.py -> /home/hiroto/ros2_ws/src/education2/build/py_door2/build/lib/py_door2
copying py_door2/door2_pubsub.py -> /home/hiroto/ros2_ws/src/education2/build/py_door2/build/lib/py_door2
running install
running install_lib
creating /home/hiroto/ros2_ws/src/education2/install/py_door2/lib/python3.8/site-packages/py_door2
copying /home/hiroto/ros2_ws/src/education2/build/py_door2/build/lib/py_door2/__init__.py -> /home/hiroto/ros2_ws/src/education2/install/py_door2/lib/python3.8/site-packages/py_door2
copying /home/hiroto/ros2_ws/src/education2/build/py_door2/build/lib/py_door2/door2_pubsub.py -> /home/hiroto/ros2_ws/src/education2/install/py_door2/lib/python3.8/site-packages/py_door2
byte-compiling /home/hiroto/ros2_ws/src/education2/install/py_door2/lib/python3.8/site-packages/py_door2/__init__.py to __init__.cpython-38.pyc
byte-compiling /home/hiroto/ros2_ws/src/education2/install/py_door2/lib/python3.8/site-packages/py_door2/door2_pubsub.py to door2_pubsub.cpython-38.pyc
running install_data
creating /home/hiroto/ros2_ws/src/education2/install/py_door2/share/ament_index
creating /home/hiroto/ros2_ws/src/education2/install/py_door2/share/ament_index/resource_index
creating /home/hiroto/ros2_ws/src/education2/install/py_door2/share/ament_index/resource_index/packages
copying resource/py_door2 -> /home/hiroto/ros2_ws/src/education2/install/py_door2/share/ament_index/resource_index/packages
copying package.xml -> /home/hiroto/ros2_ws/src/education2/install/py_door2/share/py_door2
running install_egg_info
Copying ../build/py_door2/py_door2.egg-info to /home/hiroto/ros2_ws/src/education2/install/py_door2/lib/python3.8/site-packages/py_door2-0.0.0-py3.8.egg-info
running install_scripts
writing list of installed files to '/home/hiroto/ros2_ws/src/education2/build/py_door2/install.log'
