[7.500s] Invoking command in '/home/hiroto/ros2_ws/src/education2/py_door2': PS1=\e[1;32m\]\u@\h\e[1;33m\]<foxy>\e[m\]:\e[1;34m\]\w\e[m\]$ PYTHONPATH=/home/hiroto/ros2_ws/src/education2/install/py_door2/lib/python3.8/site-packages:${PYTHONPATH} /usr/bin/python3 setup.py egg_info --egg-base ../build/py_door2 build --build-base /home/hiroto/ros2_ws/src/education2/build/py_door2/build install --prefix /home/hiroto/ros2_ws/src/education2/install/py_door2 --record /home/hiroto/ros2_ws/src/education2/build/py_door2/install.log --single-version-externally-managed
[8.107s] /home/hiroto/.local/lib/python3.8/site-packages/setuptools/dist.py:772: UserWarning: Usage of dash-separated 'script-dir' will not be supported in future versions. Please use the underscore name 'script_dir' instead
[8.107s]   warnings.warn(
[8.107s] /home/hiroto/.local/lib/python3.8/site-packages/setuptools/dist.py:772: UserWarning: Usage of dash-separated 'install-scripts' will not be supported in future versions. Please use the underscore name 'install_scripts' instead
[8.107s]   warnings.warn(
[9.068s] running egg_info
[9.069s] creating ../build/py_door2/py_door2.egg-info
[9.162s] writing ../build/py_door2/py_door2.egg-info/PKG-INFO
[9.233s] writing dependency_links to ../build/py_door2/py_door2.egg-info/dependency_links.txt
[9.612s] writing requirements to ../build/py_door2/py_door2.egg-info/requires.txt
[9.679s] writing top-level names to ../build/py_door2/py_door2.egg-info/top_level.txt
[9.685s] writing manifest file '../build/py_door2/py_door2.egg-info/SOURCES.txt'
[9.798s] reading manifest file '../build/py_door2/py_door2.egg-info/SOURCES.txt'
[9.799s] writing manifest file '../build/py_door2/py_door2.egg-info/SOURCES.txt'
[9.799s] running build
[9.799s] running build_py
[9.799s] creating /home/hiroto/ros2_ws/src/education2/build/py_door2/build
[9.799s] creating /home/hiroto/ros2_ws/src/education2/build/py_door2/build/lib
[9.799s] creating /home/hiroto/ros2_ws/src/education2/build/py_door2/build/lib/py_door2
[9.799s] copying py_door2/__init__.py -> /home/hiroto/ros2_ws/src/education2/build/py_door2/build/lib/py_door2
[9.799s] copying py_door2/door2_pubsub.py -> /home/hiroto/ros2_ws/src/education2/build/py_door2/build/lib/py_door2
[9.801s] running install
[9.801s] /home/hiroto/.local/lib/python3.8/site-packages/setuptools/command/install.py:34: SetuptoolsDeprecationWarning: setup.py install is deprecated. Use build and pip and other standards-based tools.
[9.801s]   warnings.warn(
[9.808s] running install_lib
[9.896s] creating /home/hiroto/ros2_ws/src/education2/install/py_door2/lib/python3.8/site-packages/py_door2
[9.897s] copying /home/hiroto/ros2_ws/src/education2/build/py_door2/build/lib/py_door2/__init__.py -> /home/hiroto/ros2_ws/src/education2/install/py_door2/lib/python3.8/site-packages/py_door2
[9.897s] copying /home/hiroto/ros2_ws/src/education2/build/py_door2/build/lib/py_door2/door2_pubsub.py -> /home/hiroto/ros2_ws/src/education2/install/py_door2/lib/python3.8/site-packages/py_door2
[9.898s] byte-compiling /home/hiroto/ros2_ws/src/education2/install/py_door2/lib/python3.8/site-packages/py_door2/__init__.py to __init__.cpython-38.pyc
[9.898s] byte-compiling /home/hiroto/ros2_ws/src/education2/install/py_door2/lib/python3.8/site-packages/py_door2/door2_pubsub.py to door2_pubsub.cpython-38.pyc
[9.899s] running install_data
[9.917s] creating /home/hiroto/ros2_ws/src/education2/install/py_door2/share/ament_index
[9.917s] creating /home/hiroto/ros2_ws/src/education2/install/py_door2/share/ament_index/resource_index
[9.917s] creating /home/hiroto/ros2_ws/src/education2/install/py_door2/share/ament_index/resource_index/packages
[9.917s] copying resource/py_door2 -> /home/hiroto/ros2_ws/src/education2/install/py_door2/share/ament_index/resource_index/packages
[9.917s] copying package.xml -> /home/hiroto/ros2_ws/src/education2/install/py_door2/share/py_door2
[9.918s] running install_egg_info
[10.061s] Copying ../build/py_door2/py_door2.egg-info to /home/hiroto/ros2_ws/src/education2/install/py_door2/lib/python3.8/site-packages/py_door2-0.0.0-py3.8.egg-info
[10.062s] running install_scripts
[10.301s] writing list of installed files to '/home/hiroto/ros2_ws/src/education2/build/py_door2/install.log'
[10.373s] Invoked command in '/home/hiroto/ros2_ws/src/education2/py_door2' returned '0': PS1=\e[1;32m\]\u@\h\e[1;33m\]<foxy>\e[m\]:\e[1;34m\]\w\e[m\]$ PYTHONPATH=/home/hiroto/ros2_ws/src/education2/install/py_door2/lib/python3.8/site-packages:${PYTHONPATH} /usr/bin/python3 setup.py egg_info --egg-base ../build/py_door2 build --build-base /home/hiroto/ros2_ws/src/education2/build/py_door2/build install --prefix /home/hiroto/ros2_ws/src/education2/install/py_door2 --record /home/hiroto/ros2_ws/src/education2/build/py_door2/install.log --single-version-externally-managed
