Determining if the pthread_create exist failed with the following output:
Change Dir: /home/hiroto/ros2_ws/src/education2/build/door2_pubsub/CMakeFiles/CMakeTmp

Run Build Command:"/usr/bin/make" "cmTC_a7cb6/fast"
/usr/bin/make -f CMakeFiles/cmTC_a7cb6.dir/build.make CMakeFiles/cmTC_a7cb6.dir/build
make[1]: ディレクトリ '/home/hiroto/ros2_ws/src/education2/build/door2_pubsub/CMakeFiles/CMakeTmp' に入ります
Building C object CMakeFiles/cmTC_a7cb6.dir/CheckSymbolExists.c.o
/usr/bin/cc    -o CMakeFiles/cmTC_a7cb6.dir/CheckSymbolExists.c.o   -c /home/hiroto/ros2_ws/src/education2/build/door2_pubsub/CMakeFiles/CMakeTmp/CheckSymbolExists.c
Linking C executable cmTC_a7cb6
/usr/local/bin/cmake -E cmake_link_script CMakeFiles/cmTC_a7cb6.dir/link.txt --verbose=1
/usr/bin/cc      CMakeFiles/cmTC_a7cb6.dir/CheckSymbolExists.c.o  -o cmTC_a7cb6 
/usr/bin/ld: CMakeFiles/cmTC_a7cb6.dir/CheckSymbolExists.c.o: in function `main':
CheckSymbolExists.c:(.text+0x1f): undefined reference to `pthread_create'
collect2: error: ld returned 1 exit status
make[1]: *** [CMakeFiles/cmTC_a7cb6.dir/build.make:87: cmTC_a7cb6] エラー 1
make[1]: ディレクトリ '/home/hiroto/ros2_ws/src/education2/build/door2_pubsub/CMakeFiles/CMakeTmp' から出ます
make: *** [Makefile:121: cmTC_a7cb6/fast] エラー 2

File /home/hiroto/ros2_ws/src/education2/build/door2_pubsub/CMakeFiles/CMakeTmp/CheckSymbolExists.c:
/* */
#include <pthread.h>

int main(int argc, char** argv)
{
  (void)argv;
#ifndef pthread_create
  return ((int*)(&pthread_create))[argc];
#else
  (void)argc;
  return 0;
#endif
}

Determining if the function pthread_create exists in the pthreads failed with the following output:
Change Dir: /home/hiroto/ros2_ws/src/education2/build/door2_pubsub/CMakeFiles/CMakeTmp

Run Build Command:"/usr/bin/make" "cmTC_23371/fast"
/usr/bin/make -f CMakeFiles/cmTC_23371.dir/build.make CMakeFiles/cmTC_23371.dir/build
make[1]: ディレクトリ '/home/hiroto/ros2_ws/src/education2/build/door2_pubsub/CMakeFiles/CMakeTmp' に入ります
Building C object CMakeFiles/cmTC_23371.dir/CheckFunctionExists.c.o
/usr/bin/cc   -DCHECK_FUNCTION_EXISTS=pthread_create   -o CMakeFiles/cmTC_23371.dir/CheckFunctionExists.c.o   -c /usr/local/share/cmake-3.13/Modules/CheckFunctionExists.c
Linking C executable cmTC_23371
/usr/local/bin/cmake -E cmake_link_script CMakeFiles/cmTC_23371.dir/link.txt --verbose=1
/usr/bin/cc  -DCHECK_FUNCTION_EXISTS=pthread_create    CMakeFiles/cmTC_23371.dir/CheckFunctionExists.c.o  -o cmTC_23371 -lpthreads 
/usr/bin/ld: -lpthreads が見つかりません
collect2: error: ld returned 1 exit status
make[1]: *** [CMakeFiles/cmTC_23371.dir/build.make:87: cmTC_23371] エラー 1
make[1]: ディレクトリ '/home/hiroto/ros2_ws/src/education2/build/door2_pubsub/CMakeFiles/CMakeTmp' から出ます
make: *** [Makefile:121: cmTC_23371/fast] エラー 2


