/home/hiroto/.local/lib/python3.8/site-packages/setuptools/dist.py:772: UserWarning: Usage of dash-separated 'script-dir' will not be supported in future versions. Please use the underscore name 'script_dir' instead
  warnings.warn(
/home/hiroto/.local/lib/python3.8/site-packages/setuptools/dist.py:772: UserWarning: Usage of dash-separated 'install-scripts' will not be supported in future versions. Please use the underscore name 'install_scripts' instead
  warnings.warn(
running egg_info
creating ../build/door_open2/door_open2.egg-info
writing ../build/door_open2/door_open2.egg-info/PKG-INFO
writing dependency_links to ../build/door_open2/door_open2.egg-info/dependency_links.txt
writing requirements to ../build/door_open2/door_open2.egg-info/requires.txt
writing top-level names to ../build/door_open2/door_open2.egg-info/top_level.txt
writing manifest file '../build/door_open2/door_open2.egg-info/SOURCES.txt'
reading manifest file '../build/door_open2/door_open2.egg-info/SOURCES.txt'
writing manifest file '../build/door_open2/door_open2.egg-info/SOURCES.txt'
/home/hiroto/.local/lib/python3.8/site-packages/setuptools/command/install.py:34: SetuptoolsDeprecationWarning: setup.py install is deprecated. Use build and pip and other standards-based tools.
  warnings.warn(
running build
running build_py
creating /home/hiroto/ros2_ws/src/education2/build/door_open2/build
creating /home/hiroto/ros2_ws/src/education2/build/door_open2/build/lib
creating /home/hiroto/ros2_ws/src/education2/build/door_open2/build/lib/door_open2
copying door_open2/__init__.py -> /home/hiroto/ros2_ws/src/education2/build/door_open2/build/lib/door_open2
copying door_open2/door_open2.py -> /home/hiroto/ros2_ws/src/education2/build/door_open2/build/lib/door_open2
running install
running install_lib
creating /home/hiroto/ros2_ws/src/education2/install/door_open2/lib/python3.8/site-packages/door_open2
copying /home/hiroto/ros2_ws/src/education2/build/door_open2/build/lib/door_open2/__init__.py -> /home/hiroto/ros2_ws/src/education2/install/door_open2/lib/python3.8/site-packages/door_open2
copying /home/hiroto/ros2_ws/src/education2/build/door_open2/build/lib/door_open2/door_open2.py -> /home/hiroto/ros2_ws/src/education2/install/door_open2/lib/python3.8/site-packages/door_open2
byte-compiling /home/hiroto/ros2_ws/src/education2/install/door_open2/lib/python3.8/site-packages/door_open2/__init__.py to __init__.cpython-38.pyc
byte-compiling /home/hiroto/ros2_ws/src/education2/install/door_open2/lib/python3.8/site-packages/door_open2/door_open2.py to door_open2.cpython-38.pyc
running install_data
creating /home/hiroto/ros2_ws/src/education2/install/door_open2/share/ament_index
creating /home/hiroto/ros2_ws/src/education2/install/door_open2/share/ament_index/resource_index
creating /home/hiroto/ros2_ws/src/education2/install/door_open2/share/ament_index/resource_index/packages
copying resource/door_open2 -> /home/hiroto/ros2_ws/src/education2/install/door_open2/share/ament_index/resource_index/packages
copying package.xml -> /home/hiroto/ros2_ws/src/education2/install/door_open2/share/door_open2
running install_egg_info
Copying ../build/door_open2/door_open2.egg-info to /home/hiroto/ros2_ws/src/education2/install/door_open2/lib/python3.8/site-packages/door_open2-0.0.0-py3.8.egg-info
running install_scripts
writing list of installed files to '/home/hiroto/ros2_ws/src/education2/build/door_open2/install.log'
